Server root not provided, defaulting to ./
Server root not provided, defaulting to ./
Server root not provided, defaulting to ./
config.dev true
Helper invoked true dev
Dev is true
config.dev true
Helper invoked true dev
Dev is true
config.dev true
Helper invoked true dev
Dev is true
config.dev true
Helper invoked true dev
Dev is true
config.dev true
Helper invoked true dev
Dev is true
config.dev true
Helper invoked true dev
Dev is true
config.dev true
Helper invoked true dev
Dev is true
config.dev true
Helper invoked true dev
Dev is true
config.dev true
Helper invoked true dev
Dev is true
config.dev true
Helper invoked true dev
Dev is true
13 Oct 06:46:35 - [bd-server] - Server root not provided, defaulting to ./
17 Oct 21:00:16 - [bd-server] - Server root not provided, defaulting to ./
17 Oct 21:00:23 - [bd-server] - Server root not provided, defaulting to ./

/home/ubuntu/bartekdrozdz.com/app/bd-server.js:63
		  if (err) throw err;
		                 ^
Error: ENOENT, open '/home/ubuntu/bartekdrozdz.com/data/items/earth.html'
20 Oct 08:24:29 - [bd-server] - Server root not provided, defaulting to ./
23 Oct 01:32:19 - [bd-server] - Server root not provided, defaulting to ./
30 Oct 06:43:27 - [bd-server] - Server root not provided, defaulting to ./
31 Oct 06:03:03 - [bd-server] - Server root not provided, defaulting to ./
22 Nov 09:07:43 - [bd-server] - Server root not provided, defaulting to ./
13 Dec 05:08:02 - [bd-server] - Server root not provided, defaulting to ./
14 Dec 01:04:15 - [bd-server] - Server root not provided, defaulting to ./
19 Dec 19:21:08 - [bd-server] - Server root not provided, defaulting to ./
Server started on port 3123
Server started on port 3123

/home/ubuntu/bartekdrozdz.com/app/bd-server.js:74
		  if (err) throw err;
		                 ^
Error: ENOENT, open '/home/ubuntu/bartekdrozdz.com/data/items/site.min.js.html'
Server started on port 3123
Server started on port 3123
